This file contains any messages produced by compilers while
running configure, to aid debugging if configure makes a mistake.

It was created by configure, which was
generated by GNU Autoconf 2.61.  Invocation command line was

  $ ./configure --prefix=/Users/1akang/Desktop/SPEEX1akang/speex-1.2rc1/i386 -host=i386-apple-darwin -disable-shared -enable-static -disable-oggtest -disable-fixed-point -enable-float-api -build=x86_64-apple-darwin12.3.0 -with-ogg=/Users/1akang/Desktop/SPEEX1akang/libogg-1.3.0/i386 CC=/Applications/Xcode.app/Contents/Developer/usr/llvm-gcc-4.2/bin/llvm-gcc-4.2 -std=c99 -arch i386 -isysroot /Applications/Xcode.app/Contents/Developer/Platforms/iPhoneSimulator.platform/Developer/SDKs/iPhoneSimulator6.1.sdk/

## --------- ##
## Platform. ##
## --------- ##

hostname = 1akangs-imac.lan
uname -m = x86_64
uname -r = 12.3.0
uname -s = Darwin
uname -v = Darwin Kernel Version 12.3.0: Sun Jan  6 22:37:10 PST 2013; root:xnu-2050.22.13~1/RELEASE_X86_64

/usr/bin/uname -p = i386
/bin/uname -X     = unknown

/bin/arch              = unknown
/usr/bin/arch -k       = unknown
/usr/convex/getsysinfo = unknown
/usr/bin/hostinfo      = Mach kernel version:
	 Darwin Kernel Version 12.3.0: Sun Jan  6 22:37:10 PST 2013; root:xnu-2050.22.13~1/RELEASE_X86_64
Kernel configured for up to 4 processors.
4 processors are physically available.
4 processors are logically available.
Processor type: i486 (Intel 80486)
Processors active: 0 1 2 3
Primary memory available: 8.00 gigabytes
Default processor set: 119 tasks, 612 threads, 4 processors
Load average: 3.44, Mach factor: 1.01
/bin/machine           = unknown
/usr/bin/oslevel       = unknown
/bin/universe          = unknown

PATH: /usr/bin
PATH: /bin
PATH: /usr/sbin
PATH: /sbin
PATH: /usr/local/bin
PATH: /usr/local/git/bin


## ----------- ##
## Core tests. ##
## ----------- ##

configure:2039: checking for a BSD-compatible install
configure:2095: result: /usr/bin/install -c
configure:2106: checking whether build environment is sane
configure:2149: result: yes
configure:2206: checking for gawk
configure:2236: result: no
configure:2206: checking for mawk
configure:2236: result: no
configure:2206: checking for nawk
configure:2236: result: no
configure:2206: checking for awk
configure:2222: found /usr/bin/awk
configure:2233: result: awk
configure:2244: checking whether make sets $(MAKE)
configure:2265: result: yes
configure:2335: checking for i386-apple-darwin-strip
configure:2365: result: no
configure:2375: checking for strip
configure:2391: found /usr/bin/strip
configure:2402: result: strip
configure:2416: WARNING: In the future, Autoconf will not detect cross-tools
whose name does not start with the host triplet.  If you think this
configuration is useful to you, please write to autoconf@gnu.org.
configure:2436: checking whether to enable maintainer-specific portions of Makefiles
configure:2445: result: no
configure:2467: checking build system type
configure:2485: result: x86_64-apple-darwin12.3.0
configure:2507: checking host system type
configure:2522: result: i386-apple-darwin
configure:2630: checking for style of include used by make
configure:2658: result: GNU
configure:2691: checking for i386-apple-darwin-gcc
configure:2718: result: /Applications/Xcode.app/Contents/Developer/usr/llvm-gcc-4.2/bin/llvm-gcc-4.2 -std=c99 -arch i386 -isysroot /Applications/Xcode.app/Contents/Developer/Platforms/iPhoneSimulator.platform/Developer/SDKs/iPhoneSimulator6.1.sdk/
configure:2996: checking for C compiler version
configure:3003: /Applications/Xcode.app/Contents/Developer/usr/llvm-gcc-4.2/bin/llvm-gcc-4.2 -std=c99 -arch i386 -isysroot /Applications/Xcode.app/Contents/Developer/Platforms/iPhoneSimulator.platform/Developer/SDKs/iPhoneSimulator6.1.sdk/ --version >&5
i686-apple-darwin11-llvm-gcc-4.2 (GCC) 4.2.1 (Based on Apple Inc. build 5658) (LLVM build 2336.11.00)
Copyright (C) 2007 Free Software Foundation, Inc.
This is free software; see the source for copying conditions.  There is NO
warranty; not even for MERCHANTABILITY or FITNESS FOR A PARTICULAR PURPOSE.

configure:3006: $? = 0
configure:3013: /Applications/Xcode.app/Contents/Developer/usr/llvm-gcc-4.2/bin/llvm-gcc-4.2 -std=c99 -arch i386 -isysroot /Applications/Xcode.app/Contents/Developer/Platforms/iPhoneSimulator.platform/Developer/SDKs/iPhoneSimulator6.1.sdk/ -v >&5
Using built-in specs.
Target: i686-apple-darwin11
Configured with: /private/var/tmp/llvmgcc42/llvmgcc42-2336.11~182/src/configure --disable-checking --enable-werror --prefix=/Applications/Xcode.app/Contents/Developer/usr/llvm-gcc-4.2 --mandir=/share/man --enable-languages=c,objc,c++,obj-c++ --program-prefix=llvm- --program-transform-name=/^[cg][^.-]*$/s/$/-4.2/ --with-slibdir=/usr/lib --build=i686-apple-darwin11 --enable-llvm=/private/var/tmp/llvmgcc42/llvmgcc42-2336.11~182/dst-llvmCore/Developer/usr/local --program-prefix=i686-apple-darwin11- --host=x86_64-apple-darwin11 --target=i686-apple-darwin11 --with-gxx-include-dir=/usr/include/c++/4.2.1
Thread model: posix
gcc version 4.2.1 (Based on Apple Inc. build 5658) (LLVM build 2336.11.00)
configure:3016: $? = 0
configure:3023: /Applications/Xcode.app/Contents/Developer/usr/llvm-gcc-4.2/bin/llvm-gcc-4.2 -std=c99 -arch i386 -isysroot /Applications/Xcode.app/Contents/Developer/Platforms/iPhoneSimulator.platform/Developer/SDKs/iPhoneSimulator6.1.sdk/ -V >&5
llvm-gcc-4.2: argument to `-V' is missing
configure:3026: $? = 1
configure:3049: checking for C compiler default output file name
configure:3076: /Applications/Xcode.app/Contents/Developer/usr/llvm-gcc-4.2/bin/llvm-gcc-4.2 -std=c99 -arch i386 -isysroot /Applications/Xcode.app/Contents/Developer/Platforms/iPhoneSimulator.platform/Developer/SDKs/iPhoneSimulator6.1.sdk/    conftest.c  >&5
configure:3079: $? = 0
configure:3117: result: a.out
configure:3134: checking whether the C compiler works
configure:3164: result: yes
configure:3171: checking whether we are cross compiling
configure:3173: result: yes
configure:3176: checking for suffix of executables
configure:3183: /Applications/Xcode.app/Contents/Developer/usr/llvm-gcc-4.2/bin/llvm-gcc-4.2 -std=c99 -arch i386 -isysroot /Applications/Xcode.app/Contents/Developer/Platforms/iPhoneSimulator.platform/Developer/SDKs/iPhoneSimulator6.1.sdk/ -o conftest    conftest.c  >&5
configure:3186: $? = 0
configure:3210: result: 
configure:3216: checking for suffix of object files
configure:3242: /Applications/Xcode.app/Contents/Developer/usr/llvm-gcc-4.2/bin/llvm-gcc-4.2 -std=c99 -arch i386 -isysroot /Applications/Xcode.app/Contents/Developer/Platforms/iPhoneSimulator.platform/Developer/SDKs/iPhoneSimulator6.1.sdk/ -c   conftest.c >&5
configure:3245: $? = 0
configure:3268: result: o
configure:3272: checking whether we are using the GNU C compiler
configure:3301: /Applications/Xcode.app/Contents/Developer/usr/llvm-gcc-4.2/bin/llvm-gcc-4.2 -std=c99 -arch i386 -isysroot /Applications/Xcode.app/Contents/Developer/Platforms/iPhoneSimulator.platform/Developer/SDKs/iPhoneSimulator6.1.sdk/ -c   conftest.c >&5
configure:3307: $? = 0
configure:3324: result: yes
configure:3329: checking whether /Applications/Xcode.app/Contents/Developer/usr/llvm-gcc-4.2/bin/llvm-gcc-4.2 -std=c99 -arch i386 -isysroot /Applications/Xcode.app/Contents/Developer/Platforms/iPhoneSimulator.platform/Developer/SDKs/iPhoneSimulator6.1.sdk/ accepts -g
configure:3359: /Applications/Xcode.app/Contents/Developer/usr/llvm-gcc-4.2/bin/llvm-gcc-4.2 -std=c99 -arch i386 -isysroot /Applications/Xcode.app/Contents/Developer/Platforms/iPhoneSimulator.platform/Developer/SDKs/iPhoneSimulator6.1.sdk/ -c -g  conftest.c >&5
configure:3365: $? = 0
configure:3464: result: yes
configure:3481: checking for /Applications/Xcode.app/Contents/Developer/usr/llvm-gcc-4.2/bin/llvm-gcc-4.2 -std=c99 -arch i386 -isysroot /Applications/Xcode.app/Contents/Developer/Platforms/iPhoneSimulator.platform/Developer/SDKs/iPhoneSimulator6.1.sdk/ option to accept ISO C89
configure:3555: /Applications/Xcode.app/Contents/Developer/usr/llvm-gcc-4.2/bin/llvm-gcc-4.2 -std=c99 -arch i386 -isysroot /Applications/Xcode.app/Contents/Developer/Platforms/iPhoneSimulator.platform/Developer/SDKs/iPhoneSimulator6.1.sdk/  -c -g -O2  conftest.c >&5
configure:3561: $? = 0
configure:3584: result: none needed
configure:3604: checking dependency style of /Applications/Xcode.app/Contents/Developer/usr/llvm-gcc-4.2/bin/llvm-gcc-4.2 -std=c99 -arch i386 -isysroot /Applications/Xcode.app/Contents/Developer/Platforms/iPhoneSimulator.platform/Developer/SDKs/iPhoneSimulator6.1.sdk/
configure:3694: result: gcc3
configure:3711: checking for a sed that does not truncate output
configure:3767: result: /usr/bin/sed
configure:3770: checking for grep that handles long lines and -e
configure:3844: result: /usr/bin/grep
configure:3849: checking for egrep
configure:3927: result: /usr/bin/grep -E
configure:3943: checking for ld used by /Applications/Xcode.app/Contents/Developer/usr/llvm-gcc-4.2/bin/llvm-gcc-4.2 -std=c99 -arch i386 -isysroot /Applications/Xcode.app/Contents/Developer/Platforms/iPhoneSimulator.platform/Developer/SDKs/iPhoneSimulator6.1.sdk/
configure:4010: result: /Applications/Xcode.app/Contents/Developer/usr/llvm-gcc-4.2/libexec/gcc/i686-apple-darwin11/4.2.1/ld
configure:4019: checking if the linker (/Applications/Xcode.app/Contents/Developer/usr/llvm-gcc-4.2/libexec/gcc/i686-apple-darwin11/4.2.1/ld) is GNU ld
configure:4034: result: no
configure:4039: checking for /Applications/Xcode.app/Contents/Developer/usr/llvm-gcc-4.2/libexec/gcc/i686-apple-darwin11/4.2.1/ld option to reload object files
configure:4046: result: -r
configure:4064: checking for BSD-compatible nm
configure:4113: result: nm
configure:4117: checking whether ln -s works
configure:4121: result: yes
configure:4128: checking how to recognize dependent libraries
configure:4314: result: pass_all
configure:4849: checking how to run the C preprocessor
configure:4889: /Applications/Xcode.app/Contents/Developer/usr/llvm-gcc-4.2/bin/llvm-gcc-4.2 -std=c99 -arch i386 -isysroot /Applications/Xcode.app/Contents/Developer/Platforms/iPhoneSimulator.platform/Developer/SDKs/iPhoneSimulator6.1.sdk/ -E  conftest.c
configure:4895: $? = 0
configure:4926: /Applications/Xcode.app/Contents/Developer/usr/llvm-gcc-4.2/bin/llvm-gcc-4.2 -std=c99 -arch i386 -isysroot /Applications/Xcode.app/Contents/Developer/Platforms/iPhoneSimulator.platform/Developer/SDKs/iPhoneSimulator6.1.sdk/ -E  conftest.c
conftest.c:8:28: error: ac_nonexistent.h: No such file or directory
configure:4932: $? = 1
configure: failed program was:
| /* confdefs.h.  */
| #define PACKAGE_NAME ""
| #define PACKAGE_TARNAME ""
| #define PACKAGE_VERSION ""
| #define PACKAGE_STRING ""
| #define PACKAGE_BUGREPORT ""
| /* end confdefs.h.  */
| #include <ac_nonexistent.h>
configure:4965: result: /Applications/Xcode.app/Contents/Developer/usr/llvm-gcc-4.2/bin/llvm-gcc-4.2 -std=c99 -arch i386 -isysroot /Applications/Xcode.app/Contents/Developer/Platforms/iPhoneSimulator.platform/Developer/SDKs/iPhoneSimulator6.1.sdk/ -E
configure:4994: /Applications/Xcode.app/Contents/Developer/usr/llvm-gcc-4.2/bin/llvm-gcc-4.2 -std=c99 -arch i386 -isysroot /Applications/Xcode.app/Contents/Developer/Platforms/iPhoneSimulator.platform/Developer/SDKs/iPhoneSimulator6.1.sdk/ -E  conftest.c
configure:5000: $? = 0
configure:5031: /Applications/Xcode.app/Contents/Developer/usr/llvm-gcc-4.2/bin/llvm-gcc-4.2 -std=c99 -arch i386 -isysroot /Applications/Xcode.app/Contents/Developer/Platforms/iPhoneSimulator.platform/Developer/SDKs/iPhoneSimulator6.1.sdk/ -E  conftest.c
conftest.c:8:28: error: ac_nonexistent.h: No such file or directory
configure:5037: $? = 1
configure: failed program was:
| /* confdefs.h.  */
| #define PACKAGE_NAME ""
| #define PACKAGE_TARNAME ""
| #define PACKAGE_VERSION ""
| #define PACKAGE_STRING ""
| #define PACKAGE_BUGREPORT ""
| /* end confdefs.h.  */
| #include <ac_nonexistent.h>
configure:5075: checking for ANSI C header files
configure:5105: /Applications/Xcode.app/Contents/Developer/usr/llvm-gcc-4.2/bin/llvm-gcc-4.2 -std=c99 -arch i386 -isysroot /Applications/Xcode.app/Contents/Developer/Platforms/iPhoneSimulator.platform/Developer/SDKs/iPhoneSimulator6.1.sdk/ -c -g -O2  conftest.c >&5
configure:5111: $? = 0
configure:5239: result: yes
configure:5263: checking for sys/types.h
configure:5284: /Applications/Xcode.app/Contents/Developer/usr/llvm-gcc-4.2/bin/llvm-gcc-4.2 -std=c99 -arch i386 -isysroot /Applications/Xcode.app/Contents/Developer/Platforms/iPhoneSimulator.platform/Developer/SDKs/iPhoneSimulator6.1.sdk/ -c -g -O2  conftest.c >&5
configure:5290: $? = 0
configure:5306: result: yes
configure:5263: checking for sys/stat.h
configure:5284: /Applications/Xcode.app/Contents/Developer/usr/llvm-gcc-4.2/bin/llvm-gcc-4.2 -std=c99 -arch i386 -isysroot /Applications/Xcode.app/Contents/Developer/Platforms/iPhoneSimulator.platform/Developer/SDKs/iPhoneSimulator6.1.sdk/ -c -g -O2  conftest.c >&5
configure:5290: $? = 0
configure:5306: result: yes
configure:5263: checking for stdlib.h
configure:5284: /Applications/Xcode.app/Contents/Developer/usr/llvm-gcc-4.2/bin/llvm-gcc-4.2 -std=c99 -arch i386 -isysroot /Applications/Xcode.app/Contents/Developer/Platforms/iPhoneSimulator.platform/Developer/SDKs/iPhoneSimulator6.1.sdk/ -c -g -O2  conftest.c >&5
configure:5290: $? = 0
configure:5306: result: yes
configure:5263: checking for string.h
configure:5284: /Applications/Xcode.app/Contents/Developer/usr/llvm-gcc-4.2/bin/llvm-gcc-4.2 -std=c99 -arch i386 -isysroot /Applications/Xcode.app/Contents/Developer/Platforms/iPhoneSimulator.platform/Developer/SDKs/iPhoneSimulator6.1.sdk/ -c -g -O2  conftest.c >&5
configure:5290: $? = 0
configure:5306: result: yes
configure:5263: checking for memory.h
configure:5284: /Applications/Xcode.app/Contents/Developer/usr/llvm-gcc-4.2/bin/llvm-gcc-4.2 -std=c99 -arch i386 -isysroot /Applications/Xcode.app/Contents/Developer/Platforms/iPhoneSimulator.platform/Developer/SDKs/iPhoneSimulator6.1.sdk/ -c -g -O2  conftest.c >&5
configure:5290: $? = 0
configure:5306: result: yes
configure:5263: checking for strings.h
configure:5284: /Applications/Xcode.app/Contents/Developer/usr/llvm-gcc-4.2/bin/llvm-gcc-4.2 -std=c99 -arch i386 -isysroot /Applications/Xcode.app/Contents/Developer/Platforms/iPhoneSimulator.platform/Developer/SDKs/iPhoneSimulator6.1.sdk/ -c -g -O2  conftest.c >&5
configure:5290: $? = 0
configure:5306: result: yes
configure:5263: checking for inttypes.h
configure:5284: /Applications/Xcode.app/Contents/Developer/usr/llvm-gcc-4.2/bin/llvm-gcc-4.2 -std=c99 -arch i386 -isysroot /Applications/Xcode.app/Contents/Developer/Platforms/iPhoneSimulator.platform/Developer/SDKs/iPhoneSimulator6.1.sdk/ -c -g -O2  conftest.c >&5
configure:5290: $? = 0
configure:5306: result: yes
configure:5263: checking for stdint.h
configure:5284: /Applications/Xcode.app/Contents/Developer/usr/llvm-gcc-4.2/bin/llvm-gcc-4.2 -std=c99 -arch i386 -isysroot /Applications/Xcode.app/Contents/Developer/Platforms/iPhoneSimulator.platform/Developer/SDKs/iPhoneSimulator6.1.sdk/ -c -g -O2  conftest.c >&5
configure:5290: $? = 0
configure:5306: result: yes
configure:5263: checking for unistd.h
configure:5284: /Applications/Xcode.app/Contents/Developer/usr/llvm-gcc-4.2/bin/llvm-gcc-4.2 -std=c99 -arch i386 -isysroot /Applications/Xcode.app/Contents/Developer/Platforms/iPhoneSimulator.platform/Developer/SDKs/iPhoneSimulator6.1.sdk/ -c -g -O2  conftest.c >&5
configure:5290: $? = 0
configure:5306: result: yes
configure:5333: checking dlfcn.h usability
configure:5350: /Applications/Xcode.app/Contents/Developer/usr/llvm-gcc-4.2/bin/llvm-gcc-4.2 -std=c99 -arch i386 -isysroot /Applications/Xcode.app/Contents/Developer/Platforms/iPhoneSimulator.platform/Developer/SDKs/iPhoneSimulator6.1.sdk/ -c -g -O2  conftest.c >&5
configure:5356: $? = 0
configure:5370: result: yes
configure:5374: checking dlfcn.h presence
configure:5389: /Applications/Xcode.app/Contents/Developer/usr/llvm-gcc-4.2/bin/llvm-gcc-4.2 -std=c99 -arch i386 -isysroot /Applications/Xcode.app/Contents/Developer/Platforms/iPhoneSimulator.platform/Developer/SDKs/iPhoneSimulator6.1.sdk/ -E  conftest.c
configure:5395: $? = 0
configure:5409: result: yes
configure:5437: checking for dlfcn.h
configure:5445: result: yes
configure:5472: checking for i386-apple-darwin-g++
configure:5502: result: no
configure:5472: checking for i386-apple-darwin-c++
configure:5502: result: no
configure:5472: checking for i386-apple-darwin-gpp
configure:5502: result: no
configure:5472: checking for i386-apple-darwin-aCC
configure:5502: result: no
configure:5472: checking for i386-apple-darwin-CC
configure:5502: result: no
configure:5472: checking for i386-apple-darwin-cxx
configure:5502: result: no
configure:5472: checking for i386-apple-darwin-cc++
configure:5502: result: no
configure:5472: checking for i386-apple-darwin-cl.exe
configure:5502: result: no
configure:5472: checking for i386-apple-darwin-FCC
configure:5502: result: no
configure:5472: checking for i386-apple-darwin-KCC
configure:5502: result: no
configure:5472: checking for i386-apple-darwin-RCC
configure:5502: result: no
configure:5472: checking for i386-apple-darwin-xlC_r
configure:5502: result: no
configure:5472: checking for i386-apple-darwin-xlC
configure:5502: result: no
configure:5516: checking for g++
configure:5532: found /usr/bin/g++
configure:5543: result: g++
configure:5574: checking for C++ compiler version
configure:5581: g++ --version >&5
i686-apple-darwin11-llvm-g++-4.2 (GCC) 4.2.1 (Based on Apple Inc. build 5658) (LLVM build 2336.11.00)
Copyright (C) 2007 Free Software Foundation, Inc.
This is free software; see the source for copying conditions.  There is NO
warranty; not even for MERCHANTABILITY or FITNESS FOR A PARTICULAR PURPOSE.

configure:5584: $? = 0
configure:5591: g++ -v >&5
Using built-in specs.
Target: i686-apple-darwin11
Configured with: /private/var/tmp/llvmgcc42/llvmgcc42-2336.11~182/src/configure --disable-checking --enable-werror --prefix=/Applications/Xcode.app/Contents/Developer/usr/llvm-gcc-4.2 --mandir=/share/man --enable-languages=c,objc,c++,obj-c++ --program-prefix=llvm- --program-transform-name=/^[cg][^.-]*$/s/$/-4.2/ --with-slibdir=/usr/lib --build=i686-apple-darwin11 --enable-llvm=/private/var/tmp/llvmgcc42/llvmgcc42-2336.11~182/dst-llvmCore/Developer/usr/local --program-prefix=i686-apple-darwin11- --host=x86_64-apple-darwin11 --target=i686-apple-darwin11 --with-gxx-include-dir=/usr/include/c++/4.2.1
Thread model: posix
gcc version 4.2.1 (Based on Apple Inc. build 5658) (LLVM build 2336.11.00)
configure:5594: $? = 0
configure:5601: g++ -V >&5
llvm-g++-4.2: argument to `-V' is missing
configure:5604: $? = 1
configure:5607: checking whether we are using the GNU C++ compiler
configure:5636: g++ -c   conftest.cpp >&5
configure:5642: $? = 0
configure:5659: result: yes
configure:5664: checking whether g++ accepts -g
configure:5694: g++ -c -g  conftest.cpp >&5
configure:5700: $? = 0
configure:5799: result: yes
configure:5824: checking dependency style of g++
configure:5914: result: gcc3
configure:5941: checking how to run the C++ preprocessor
configure:5977: g++ -E  conftest.cpp
configure:5983: $? = 0
configure:6014: g++ -E  conftest.cpp
conftest.cpp:19:28: error: ac_nonexistent.h: No such file or directory
configure:6020: $? = 1
configure: failed program was:
| /* confdefs.h.  */
| #define PACKAGE_NAME ""
| #define PACKAGE_TARNAME ""
| #define PACKAGE_VERSION ""
| #define PACKAGE_STRING ""
| #define PACKAGE_BUGREPORT ""
| #define STDC_HEADERS 1
| #define HAVE_SYS_TYPES_H 1
| #define HAVE_SYS_STAT_H 1
| #define HAVE_STDLIB_H 1
| #define HAVE_STRING_H 1
| #define HAVE_MEMORY_H 1
| #define HAVE_STRINGS_H 1
| #define HAVE_INTTYPES_H 1
| #define HAVE_STDINT_H 1
| #define HAVE_UNISTD_H 1
| #define HAVE_DLFCN_H 1
| /* end confdefs.h.  */
| #include <ac_nonexistent.h>
configure:6053: result: g++ -E
configure:6082: g++ -E  conftest.cpp
configure:6088: $? = 0
configure:6119: g++ -E  conftest.cpp
conftest.cpp:19:28: error: ac_nonexistent.h: No such file or directory
configure:6125: $? = 1
configure: failed program was:
| /* confdefs.h.  */
| #define PACKAGE_NAME ""
| #define PACKAGE_TARNAME ""
| #define PACKAGE_VERSION ""
| #define PACKAGE_STRING ""
| #define PACKAGE_BUGREPORT ""
| #define STDC_HEADERS 1
| #define HAVE_SYS_TYPES_H 1
| #define HAVE_SYS_STAT_H 1
| #define HAVE_STDLIB_H 1
| #define HAVE_STRING_H 1
| #define HAVE_MEMORY_H 1
| #define HAVE_STRINGS_H 1
| #define HAVE_INTTYPES_H 1
| #define HAVE_STDINT_H 1
| #define HAVE_UNISTD_H 1
| #define HAVE_DLFCN_H 1
| /* end confdefs.h.  */
| #include <ac_nonexistent.h>
configure:6174: checking for i386-apple-darwin-g77
configure:6204: result: no
configure:6174: checking for i386-apple-darwin-xlf
configure:6204: result: no
configure:6174: checking for i386-apple-darwin-f77
configure:6204: result: no
configure:6174: checking for i386-apple-darwin-frt
configure:6204: result: no
configure:6174: checking for i386-apple-darwin-pgf77
configure:6204: result: no
configure:6174: checking for i386-apple-darwin-cf77
configure:6204: result: no
configure:6174: checking for i386-apple-darwin-fort77
configure:6204: result: no
configure:6174: checking for i386-apple-darwin-fl32
configure:6204: result: no
configure:6174: checking for i386-apple-darwin-af77
configure:6204: result: no
configure:6174: checking for i386-apple-darwin-xlf90
configure:6204: result: no
configure:6174: checking for i386-apple-darwin-f90
configure:6204: result: no
configure:6174: checking for i386-apple-darwin-pgf90
configure:6204: result: no
configure:6174: checking for i386-apple-darwin-pghpf
configure:6204: result: no
configure:6174: checking for i386-apple-darwin-epcf90
configure:6204: result: no
configure:6174: checking for i386-apple-darwin-gfortran
configure:6204: result: no
configure:6174: checking for i386-apple-darwin-g95
configure:6204: result: no
configure:6174: checking for i386-apple-darwin-xlf95
configure:6204: result: no
configure:6174: checking for i386-apple-darwin-f95
configure:6204: result: no
configure:6174: checking for i386-apple-darwin-fort
configure:6204: result: no
configure:6174: checking for i386-apple-darwin-ifort
configure:6204: result: no
configure:6174: checking for i386-apple-darwin-ifc
configure:6204: result: no
configure:6174: checking for i386-apple-darwin-efc
configure:6204: result: no
configure:6174: checking for i386-apple-darwin-pgf95
configure:6204: result: no
configure:6174: checking for i386-apple-darwin-lf95
configure:6204: result: no
configure:6174: checking for i386-apple-darwin-ftn
configure:6204: result: no
configure:6218: checking for g77
configure:6248: result: no
configure:6218: checking for xlf
configure:6248: result: no
configure:6218: checking for f77
configure:6248: result: no
configure:6218: checking for frt
configure:6248: result: no
configure:6218: checking for pgf77
configure:6248: result: no
configure:6218: checking for cf77
configure:6248: result: no
configure:6218: checking for fort77
configure:6248: result: no
configure:6218: checking for fl32
configure:6248: result: no
configure:6218: checking for af77
configure:6248: result: no
configure:6218: checking for xlf90
configure:6248: result: no
configure:6218: checking for f90
configure:6248: result: no
configure:6218: checking for pgf90
configure:6248: result: no
configure:6218: checking for pghpf
configure:6248: result: no
configure:6218: checking for epcf90
configure:6248: result: no
configure:6218: checking for gfortran
configure:6248: result: no
configure:6218: checking for g95
configure:6248: result: no
configure:6218: checking for xlf95
configure:6248: result: no
configure:6218: checking for f95
configure:6248: result: no
configure:6218: checking for fort
configure:6248: result: no
configure:6218: checking for ifort
configure:6248: result: no
configure:6218: checking for ifc
configure:6248: result: no
configure:6218: checking for efc
configure:6248: result: no
configure:6218: checking for pgf95
configure:6248: result: no
configure:6218: checking for lf95
configure:6248: result: no
configure:6218: checking for ftn
configure:6248: result: no
configure:6275: checking for Fortran 77 compiler version
configure:6282:  --version >&5
./configure: line 6283: --version: command not found
configure:6285: $? = 127
configure:6292:  -v >&5
./configure: line 6293: -v: command not found
configure:6295: $? = 127
configure:6302:  -V >&5
./configure: line 6303: -V: command not found
configure:6305: $? = 127
configure:6313: checking whether we are using the GNU Fortran 77 compiler
configure:6332:  -c  conftest.F >&5
./configure: line 6333: -c: command not found
configure:6338: $? = 127
configure: failed program was:
|       program main
| #ifndef __GNUC__
|        choke me
| #endif
| 
|       end
configure:6355: result: no
configure:6361: checking whether  accepts -g
configure:6378:  -c -g conftest.f >&5
./configure: line 6379: -c: command not found
configure:6384: $? = 127
configure: failed program was:
|       program main
| 
|       end
configure:6400: result: no
configure:6429: checking the maximum length of command line arguments
configure:6541: result: 196608
configure:6553: checking command to parse nm output from /Applications/Xcode.app/Contents/Developer/usr/llvm-gcc-4.2/bin/llvm-gcc-4.2 -std=c99 -arch i386 -isysroot /Applications/Xcode.app/Contents/Developer/Platforms/iPhoneSimulator.platform/Developer/SDKs/iPhoneSimulator6.1.sdk/ object
configure:6658: /Applications/Xcode.app/Contents/Developer/usr/llvm-gcc-4.2/bin/llvm-gcc-4.2 -std=c99 -arch i386 -isysroot /Applications/Xcode.app/Contents/Developer/Platforms/iPhoneSimulator.platform/Developer/SDKs/iPhoneSimulator6.1.sdk/ -c -g -O2  conftest.c >&5
configure:6661: $? = 0
configure:6665: nm conftest.o \| sed -n -e 's/^.*[ 	]\([BCDEGRST][BCDEGRST]*\)[ 	][ 	]*\([_A-Za-z][_A-Za-z0-9]*\)$/\1 \2 \2/p' \> conftest.nm
configure:6668: $? = 0
cannot find nm_test_var in conftest.nm
configure:6658: /Applications/Xcode.app/Contents/Developer/usr/llvm-gcc-4.2/bin/llvm-gcc-4.2 -std=c99 -arch i386 -isysroot /Applications/Xcode.app/Contents/Developer/Platforms/iPhoneSimulator.platform/Developer/SDKs/iPhoneSimulator6.1.sdk/ -c -g -O2  conftest.c >&5
configure:6661: $? = 0
configure:6665: nm conftest.o \| sed -n -e 's/^.*[ 	]\([BCDEGRST][BCDEGRST]*\)[ 	][ 	]*_\([_A-Za-z][_A-Za-z0-9]*\)$/\1 _\2 \2/p' \> conftest.nm
configure:6668: $? = 0
configure:6720: /Applications/Xcode.app/Contents/Developer/usr/llvm-gcc-4.2/bin/llvm-gcc-4.2 -std=c99 -arch i386 -isysroot /Applications/Xcode.app/Contents/Developer/Platforms/iPhoneSimulator.platform/Developer/SDKs/iPhoneSimulator6.1.sdk/ -o conftest -g -O2   conftest.c conftstm.o >&5
configure:6723: $? = 0
configure:6761: result: ok
configure:6765: checking for objdir
configure:6780: result: .libs
configure:6832: checking for i386-apple-darwin-ar
configure:6862: result: no
configure:6872: checking for ar
configure:6888: found /usr/bin/ar
configure:6899: result: ar
configure:6928: checking for i386-apple-darwin-ranlib
configure:6958: result: no
configure:6968: checking for ranlib
configure:6984: found /usr/bin/ranlib
configure:6995: result: ranlib
configure:7024: checking for i386-apple-darwin-strip
configure:7051: result: strip
configure:7308: checking for i386-apple-darwin-dsymutil
configure:7338: result: no
configure:7348: checking for dsymutil
configure:7364: found /usr/bin/dsymutil
configure:7375: result: dsymutil
configure:7404: checking for i386-apple-darwin-nmedit
configure:7434: result: no
configure:7444: checking for nmedit
configure:7460: found /usr/bin/nmedit
configure:7471: result: nmedit
configure:7498: checking for -single_module linker flag
configure:7519: result: yes
configure:7521: checking for -exported_symbols_list linker flag
configure:7551: /Applications/Xcode.app/Contents/Developer/usr/llvm-gcc-4.2/bin/llvm-gcc-4.2 -std=c99 -arch i386 -isysroot /Applications/Xcode.app/Contents/Developer/Platforms/iPhoneSimulator.platform/Developer/SDKs/iPhoneSimulator6.1.sdk/ -o conftest -g -O2   -Wl,-exported_symbols_list,conftest.sym conftest.c  >&5
configure:7557: $? = 0
configure:7576: result: yes
configure:7689: checking if /Applications/Xcode.app/Contents/Developer/usr/llvm-gcc-4.2/bin/llvm-gcc-4.2 -std=c99 -arch i386 -isysroot /Applications/Xcode.app/Contents/Developer/Platforms/iPhoneSimulator.platform/Developer/SDKs/iPhoneSimulator6.1.sdk/ supports -fno-rtti -fno-exceptions
configure:7707: /Applications/Xcode.app/Contents/Developer/usr/llvm-gcc-4.2/bin/llvm-gcc-4.2 -std=c99 -arch i386 -isysroot /Applications/Xcode.app/Contents/Developer/Platforms/iPhoneSimulator.platform/Developer/SDKs/iPhoneSimulator6.1.sdk/ -c -g -O2  -fno-rtti -fno-exceptions conftest.c >&5
cc1: warning: command line option "-fno-rtti" is valid for C++/ObjC++ but not for C
configure:7711: $? = 0
configure:7724: result: no
configure:7739: checking for /Applications/Xcode.app/Contents/Developer/usr/llvm-gcc-4.2/bin/llvm-gcc-4.2 -std=c99 -arch i386 -isysroot /Applications/Xcode.app/Contents/Developer/Platforms/iPhoneSimulator.platform/Developer/SDKs/iPhoneSimulator6.1.sdk/ option to produce PIC
configure:7971: result: -fno-common
configure:7979: checking if /Applications/Xcode.app/Contents/Developer/usr/llvm-gcc-4.2/bin/llvm-gcc-4.2 -std=c99 -arch i386 -isysroot /Applications/Xcode.app/Contents/Developer/Platforms/iPhoneSimulator.platform/Developer/SDKs/iPhoneSimulator6.1.sdk/ PIC flag -fno-common works
configure:7997: /Applications/Xcode.app/Contents/Developer/usr/llvm-gcc-4.2/bin/llvm-gcc-4.2 -std=c99 -arch i386 -isysroot /Applications/Xcode.app/Contents/Developer/Platforms/iPhoneSimulator.platform/Developer/SDKs/iPhoneSimulator6.1.sdk/ -c -g -O2  -fno-common -DPIC conftest.c >&5
configure:8001: $? = 0
configure:8014: result: yes
configure:8042: checking if /Applications/Xcode.app/Contents/Developer/usr/llvm-gcc-4.2/bin/llvm-gcc-4.2 -std=c99 -arch i386 -isysroot /Applications/Xcode.app/Contents/Developer/Platforms/iPhoneSimulator.platform/Developer/SDKs/iPhoneSimulator6.1.sdk/ static flag -static works
configure:8070: result: no
configure:8080: checking if /Applications/Xcode.app/Contents/Developer/usr/llvm-gcc-4.2/bin/llvm-gcc-4.2 -std=c99 -arch i386 -isysroot /Applications/Xcode.app/Contents/Developer/Platforms/iPhoneSimulator.platform/Developer/SDKs/iPhoneSimulator6.1.sdk/ supports -c -o file.o
configure:8101: /Applications/Xcode.app/Contents/Developer/usr/llvm-gcc-4.2/bin/llvm-gcc-4.2 -std=c99 -arch i386 -isysroot /Applications/Xcode.app/Contents/Developer/Platforms/iPhoneSimulator.platform/Developer/SDKs/iPhoneSimulator6.1.sdk/ -c -g -O2  -o out/conftest2.o conftest.c >&5
configure:8105: $? = 0
configure:8127: result: yes
configure:8153: checking whether the /Applications/Xcode.app/Contents/Developer/usr/llvm-gcc-4.2/bin/llvm-gcc-4.2 -std=c99 -arch i386 -isysroot /Applications/Xcode.app/Contents/Developer/Platforms/iPhoneSimulator.platform/Developer/SDKs/iPhoneSimulator6.1.sdk/ linker (/Applications/Xcode.app/Contents/Developer/usr/llvm-gcc-4.2/libexec/gcc/i686-apple-darwin11/4.2.1/ld) supports shared libraries
configure:9134: result: yes
configure:9201: checking dynamic linker characteristics
configure:9815: result: darwin dyld
configure:9839: checking how to hardcode library paths into programs
configure:9864: result: immediate
configure:9878: checking whether stripping libraries is possible
configure:9892: result: yes
configure:10685: checking if libtool supports shared libraries
configure:10687: result: yes
configure:10690: checking whether to build shared libraries
configure:10711: result: no
configure:10714: checking whether to build static libraries
configure:10718: result: yes
configure:10812: creating libtool
configure:11405: checking for ld used by g++
configure:11472: result: /Applications/Xcode.app/Contents/Developer/usr/llvm-gcc-4.2/libexec/gcc/i686-apple-darwin11/4.2.1/ld
configure:11481: checking if the linker (/Applications/Xcode.app/Contents/Developer/usr/llvm-gcc-4.2/libexec/gcc/i686-apple-darwin11/4.2.1/ld) is GNU ld
configure:11496: result: no
configure:11547: checking whether the g++ linker (/Applications/Xcode.app/Contents/Developer/usr/llvm-gcc-4.2/libexec/gcc/i686-apple-darwin11/4.2.1/ld) supports shared libraries
configure:12493: result: yes
configure:12510: g++ -c -g -O2  conftest.cpp >&5
configure:12513: $? = 0
configure:12669: checking for g++ option to produce PIC
configure:12953: result: -fno-common
configure:12961: checking if g++ PIC flag -fno-common works
configure:12979: g++ -c -g -O2  -fno-common -DPIC conftest.cpp >&5
configure:12983: $? = 0
configure:12996: result: yes
configure:13024: checking if g++ static flag -static works
configure:13052: result: no
configure:13062: checking if g++ supports -c -o file.o
configure:13083: g++ -c -g -O2  -o out/conftest2.o conftest.cpp >&5
configure:13087: $? = 0
configure:13109: result: yes
configure:13135: checking whether the g++ linker (/Applications/Xcode.app/Contents/Developer/usr/llvm-gcc-4.2/libexec/gcc/i686-apple-darwin11/4.2.1/ld) supports shared libraries
configure:13164: result: yes
configure:13231: checking dynamic linker characteristics
configure:13793: result: darwin dyld
configure:13817: checking how to hardcode library paths into programs
configure:13842: result: immediate
configure:20090: checking whether byte ordering is bigendian
configure:20123: /Applications/Xcode.app/Contents/Developer/usr/llvm-gcc-4.2/bin/llvm-gcc-4.2 -std=c99 -arch i386 -isysroot /Applications/Xcode.app/Contents/Developer/Platforms/iPhoneSimulator.platform/Developer/SDKs/iPhoneSimulator6.1.sdk/ -c -g -O2  conftest.c >&5
configure:20129: $? = 0
configure:20161: /Applications/Xcode.app/Contents/Developer/usr/llvm-gcc-4.2/bin/llvm-gcc-4.2 -std=c99 -arch i386 -isysroot /Applications/Xcode.app/Contents/Developer/Platforms/iPhoneSimulator.platform/Developer/SDKs/iPhoneSimulator6.1.sdk/ -c -g -O2  conftest.c >&5
conftest.c: In function 'main':
conftest.c:26: error: 'not' undeclared (first use in this function)
conftest.c:26: error: (Each undeclared identifier is reported only once
conftest.c:26: error: for each function it appears in.)
conftest.c:26: error: expected ';' before 'big'
configure:20167: $? = 1
configure: failed program was:
| /* confdefs.h.  */
| #define PACKAGE_NAME ""
| #define PACKAGE_TARNAME ""
| #define PACKAGE_VERSION ""
| #define PACKAGE_STRING ""
| #define PACKAGE_BUGREPORT ""
| #define STDC_HEADERS 1
| #define HAVE_SYS_TYPES_H 1
| #define HAVE_SYS_STAT_H 1
| #define HAVE_STDLIB_H 1
| #define HAVE_STRING_H 1
| #define HAVE_MEMORY_H 1
| #define HAVE_STRINGS_H 1
| #define HAVE_INTTYPES_H 1
| #define HAVE_STDINT_H 1
| #define HAVE_UNISTD_H 1
| #define HAVE_DLFCN_H 1
| /* end confdefs.h.  */
| #include <sys/types.h>
| #include <sys/param.h>
| 
| int
| main ()
| {
| #if BYTE_ORDER != BIG_ENDIAN
|  not big endian
| #endif
| 
|   ;
|   return 0;
| }
configure:20307: result: no
configure:20326: checking for an ANSI C-conforming const
configure:20401: /Applications/Xcode.app/Contents/Developer/usr/llvm-gcc-4.2/bin/llvm-gcc-4.2 -std=c99 -arch i386 -isysroot /Applications/Xcode.app/Contents/Developer/Platforms/iPhoneSimulator.platform/Developer/SDKs/iPhoneSimulator6.1.sdk/ -c -g -O2  conftest.c >&5
configure:20407: $? = 0
configure:20422: result: yes
configure:20432: checking for inline
configure:20458: /Applications/Xcode.app/Contents/Developer/usr/llvm-gcc-4.2/bin/llvm-gcc-4.2 -std=c99 -arch i386 -isysroot /Applications/Xcode.app/Contents/Developer/Platforms/iPhoneSimulator.platform/Developer/SDKs/iPhoneSimulator6.1.sdk/ -c -g -O2  conftest.c >&5
configure:20464: $? = 0
configure:20482: result: inline
configure:20501: checking for C/C++ restrict keyword
configure:20537: /Applications/Xcode.app/Contents/Developer/usr/llvm-gcc-4.2/bin/llvm-gcc-4.2 -std=c99 -arch i386 -isysroot /Applications/Xcode.app/Contents/Developer/Platforms/iPhoneSimulator.platform/Developer/SDKs/iPhoneSimulator6.1.sdk/ -c -g -O2  conftest.c >&5
configure:20543: $? = 0
configure:20561: result: restrict
configure:20578: checking for C99 variable-size arrays
configure:20605: /Applications/Xcode.app/Contents/Developer/usr/llvm-gcc-4.2/bin/llvm-gcc-4.2 -std=c99 -arch i386 -isysroot /Applications/Xcode.app/Contents/Developer/Platforms/iPhoneSimulator.platform/Developer/SDKs/iPhoneSimulator6.1.sdk/ -c -g -O2  conftest.c >&5
configure:20611: $? = 0
configure:20631: result: yes
configure:20650: checking alloca.h usability
configure:20667: /Applications/Xcode.app/Contents/Developer/usr/llvm-gcc-4.2/bin/llvm-gcc-4.2 -std=c99 -arch i386 -isysroot /Applications/Xcode.app/Contents/Developer/Platforms/iPhoneSimulator.platform/Developer/SDKs/iPhoneSimulator6.1.sdk/ -c -g -O2  conftest.c >&5
configure:20673: $? = 0
configure:20687: result: yes
configure:20691: checking alloca.h presence
configure:20706: /Applications/Xcode.app/Contents/Developer/usr/llvm-gcc-4.2/bin/llvm-gcc-4.2 -std=c99 -arch i386 -isysroot /Applications/Xcode.app/Contents/Developer/Platforms/iPhoneSimulator.platform/Developer/SDKs/iPhoneSimulator6.1.sdk/ -E  conftest.c
configure:20712: $? = 0
configure:20726: result: yes
configure:20754: checking for alloca.h
configure:20762: result: yes
configure:20650: checking getopt.h usability
configure:20667: /Applications/Xcode.app/Contents/Developer/usr/llvm-gcc-4.2/bin/llvm-gcc-4.2 -std=c99 -arch i386 -isysroot /Applications/Xcode.app/Contents/Developer/Platforms/iPhoneSimulator.platform/Developer/SDKs/iPhoneSimulator6.1.sdk/ -c -g -O2  conftest.c >&5
configure:20673: $? = 0
configure:20687: result: yes
configure:20691: checking getopt.h presence
configure:20706: /Applications/Xcode.app/Contents/Developer/usr/llvm-gcc-4.2/bin/llvm-gcc-4.2 -std=c99 -arch i386 -isysroot /Applications/Xcode.app/Contents/Developer/Platforms/iPhoneSimulator.platform/Developer/SDKs/iPhoneSimulator6.1.sdk/ -E  conftest.c
configure:20712: $? = 0
configure:20726: result: yes
configure:20754: checking for getopt.h
configure:20762: result: yes
configure:20775: checking for alloca
configure:20806: /Applications/Xcode.app/Contents/Developer/usr/llvm-gcc-4.2/bin/llvm-gcc-4.2 -std=c99 -arch i386 -isysroot /Applications/Xcode.app/Contents/Developer/Platforms/iPhoneSimulator.platform/Developer/SDKs/iPhoneSimulator6.1.sdk/ -c -g -O2  conftest.c >&5
configure:20812: $? = 0
configure:20836: result: yes
configure:20839: checking for SSE in current arch/CFLAGS
configure:20868: /Applications/Xcode.app/Contents/Developer/usr/llvm-gcc-4.2/bin/llvm-gcc-4.2 -std=c99 -arch i386 -isysroot /Applications/Xcode.app/Contents/Developer/Platforms/iPhoneSimulator.platform/Developer/SDKs/iPhoneSimulator6.1.sdk/ -o conftest -g -O2   conftest.c  >&5
configure:20874: $? = 0
configure:20895: result: yes
configure:20900: checking for ELF visibility
configure:20928: /Applications/Xcode.app/Contents/Developer/usr/llvm-gcc-4.2/bin/llvm-gcc-4.2 -std=c99 -arch i386 -isysroot /Applications/Xcode.app/Contents/Developer/Platforms/iPhoneSimulator.platform/Developer/SDKs/iPhoneSimulator6.1.sdk/ -c -g -O2 -fvisibility=hidden  conftest.c >&5
configure:20934: $? = 0
configure:20964: result: yes
configure:20983: checking sys/soundcard.h usability
configure:21000: /Applications/Xcode.app/Contents/Developer/usr/llvm-gcc-4.2/bin/llvm-gcc-4.2 -std=c99 -arch i386 -isysroot /Applications/Xcode.app/Contents/Developer/Platforms/iPhoneSimulator.platform/Developer/SDKs/iPhoneSimulator6.1.sdk/ -c -g -O2 -fvisibility=hidden  conftest.c >&5
conftest.c:56:27: error: sys/soundcard.h: No such file or directory
configure:21006: $? = 1
configure: failed program was:
| /* confdefs.h.  */
| #define PACKAGE_NAME ""
| #define PACKAGE_TARNAME ""
| #define PACKAGE_VERSION ""
| #define PACKAGE_STRING ""
| #define PACKAGE_BUGREPORT ""
| #define STDC_HEADERS 1
| #define HAVE_SYS_TYPES_H 1
| #define HAVE_SYS_STAT_H 1
| #define HAVE_STDLIB_H 1
| #define HAVE_STRING_H 1
| #define HAVE_MEMORY_H 1
| #define HAVE_STRINGS_H 1
| #define HAVE_INTTYPES_H 1
| #define HAVE_STDINT_H 1
| #define HAVE_UNISTD_H 1
| #define HAVE_DLFCN_H 1
| #define VAR_ARRAYS
| #define HAVE_ALLOCA_H 1
| #define HAVE_GETOPT_H 1
| #define EXPORT __attribute__((visibility("default")))
| /* end confdefs.h.  */
| #include <stdio.h>
| #ifdef HAVE_SYS_TYPES_H
| # include <sys/types.h>
| #endif
| #ifdef HAVE_SYS_STAT_H
| # include <sys/stat.h>
| #endif
| #ifdef STDC_HEADERS
| # include <stdlib.h>
| # include <stddef.h>
| #else
| # ifdef HAVE_STDLIB_H
| #  include <stdlib.h>
| # endif
| #endif
| #ifdef HAVE_STRING_H
| # if !defined STDC_HEADERS && defined HAVE_MEMORY_H
| #  include <memory.h>
| # endif
| # include <string.h>
| #endif
| #ifdef HAVE_STRINGS_H
| # include <strings.h>
| #endif
| #ifdef HAVE_INTTYPES_H
| # include <inttypes.h>
| #endif
| #ifdef HAVE_STDINT_H
| # include <stdint.h>
| #endif
| #ifdef HAVE_UNISTD_H
| # include <unistd.h>
| #endif
| #include <sys/soundcard.h>
configure:21020: result: no
configure:21024: checking sys/soundcard.h presence
configure:21039: /Applications/Xcode.app/Contents/Developer/usr/llvm-gcc-4.2/bin/llvm-gcc-4.2 -std=c99 -arch i386 -isysroot /Applications/Xcode.app/Contents/Developer/Platforms/iPhoneSimulator.platform/Developer/SDKs/iPhoneSimulator6.1.sdk/ -E  conftest.c
conftest.c:23:27: error: sys/soundcard.h: No such file or directory
configure:21045: $? = 1
configure: failed program was:
| /* confdefs.h.  */
| #define PACKAGE_NAME ""
| #define PACKAGE_TARNAME ""
| #define PACKAGE_VERSION ""
| #define PACKAGE_STRING ""
| #define PACKAGE_BUGREPORT ""
| #define STDC_HEADERS 1
| #define HAVE_SYS_TYPES_H 1
| #define HAVE_SYS_STAT_H 1
| #define HAVE_STDLIB_H 1
| #define HAVE_STRING_H 1
| #define HAVE_MEMORY_H 1
| #define HAVE_STRINGS_H 1
| #define HAVE_INTTYPES_H 1
| #define HAVE_STDINT_H 1
| #define HAVE_UNISTD_H 1
| #define HAVE_DLFCN_H 1
| #define VAR_ARRAYS
| #define HAVE_ALLOCA_H 1
| #define HAVE_GETOPT_H 1
| #define EXPORT __attribute__((visibility("default")))
| /* end confdefs.h.  */
| #include <sys/soundcard.h>
configure:21059: result: no
configure:21087: checking for sys/soundcard.h
configure:21095: result: no
configure:20983: checking sys/audioio.h usability
configure:21000: /Applications/Xcode.app/Contents/Developer/usr/llvm-gcc-4.2/bin/llvm-gcc-4.2 -std=c99 -arch i386 -isysroot /Applications/Xcode.app/Contents/Developer/Platforms/iPhoneSimulator.platform/Developer/SDKs/iPhoneSimulator6.1.sdk/ -c -g -O2 -fvisibility=hidden  conftest.c >&5
conftest.c:56:25: error: sys/audioio.h: No such file or directory
configure:21006: $? = 1
configure: failed program was:
| /* confdefs.h.  */
| #define PACKAGE_NAME ""
| #define PACKAGE_TARNAME ""
| #define PACKAGE_VERSION ""
| #define PACKAGE_STRING ""
| #define PACKAGE_BUGREPORT ""
| #define STDC_HEADERS 1
| #define HAVE_SYS_TYPES_H 1
| #define HAVE_SYS_STAT_H 1
| #define HAVE_STDLIB_H 1
| #define HAVE_STRING_H 1
| #define HAVE_MEMORY_H 1
| #define HAVE_STRINGS_H 1
| #define HAVE_INTTYPES_H 1
| #define HAVE_STDINT_H 1
| #define HAVE_UNISTD_H 1
| #define HAVE_DLFCN_H 1
| #define VAR_ARRAYS
| #define HAVE_ALLOCA_H 1
| #define HAVE_GETOPT_H 1
| #define EXPORT __attribute__((visibility("default")))
| /* end confdefs.h.  */
| #include <stdio.h>
| #ifdef HAVE_SYS_TYPES_H
| # include <sys/types.h>
| #endif
| #ifdef HAVE_SYS_STAT_H
| # include <sys/stat.h>
| #endif
| #ifdef STDC_HEADERS
| # include <stdlib.h>
| # include <stddef.h>
| #else
| # ifdef HAVE_STDLIB_H
| #  include <stdlib.h>
| # endif
| #endif
| #ifdef HAVE_STRING_H
| # if !defined STDC_HEADERS && defined HAVE_MEMORY_H
| #  include <memory.h>
| # endif
| # include <string.h>
| #endif
| #ifdef HAVE_STRINGS_H
| # include <strings.h>
| #endif
| #ifdef HAVE_INTTYPES_H
| # include <inttypes.h>
| #endif
| #ifdef HAVE_STDINT_H
| # include <stdint.h>
| #endif
| #ifdef HAVE_UNISTD_H
| # include <unistd.h>
| #endif
| #include <sys/audioio.h>
configure:21020: result: no
configure:21024: checking sys/audioio.h presence
configure:21039: /Applications/Xcode.app/Contents/Developer/usr/llvm-gcc-4.2/bin/llvm-gcc-4.2 -std=c99 -arch i386 -isysroot /Applications/Xcode.app/Contents/Developer/Platforms/iPhoneSimulator.platform/Developer/SDKs/iPhoneSimulator6.1.sdk/ -E  conftest.c
conftest.c:23:25: error: sys/audioio.h: No such file or directory
configure:21045: $? = 1
configure: failed program was:
| /* confdefs.h.  */
| #define PACKAGE_NAME ""
| #define PACKAGE_TARNAME ""
| #define PACKAGE_VERSION ""
| #define PACKAGE_STRING ""
| #define PACKAGE_BUGREPORT ""
| #define STDC_HEADERS 1
| #define HAVE_SYS_TYPES_H 1
| #define HAVE_SYS_STAT_H 1
| #define HAVE_STDLIB_H 1
| #define HAVE_STRING_H 1
| #define HAVE_MEMORY_H 1
| #define HAVE_STRINGS_H 1
| #define HAVE_INTTYPES_H 1
| #define HAVE_STDINT_H 1
| #define HAVE_UNISTD_H 1
| #define HAVE_DLFCN_H 1
| #define VAR_ARRAYS
| #define HAVE_ALLOCA_H 1
| #define HAVE_GETOPT_H 1
| #define EXPORT __attribute__((visibility("default")))
| /* end confdefs.h.  */
| #include <sys/audioio.h>
configure:21059: result: no
configure:21087: checking for sys/audioio.h
configure:21095: result: no
configure:21159: checking for Ogg
configure:21231: result: yes
configure:21313: checking for sin in -lm
configure:21348: /Applications/Xcode.app/Contents/Developer/usr/llvm-gcc-4.2/bin/llvm-gcc-4.2 -std=c99 -arch i386 -isysroot /Applications/Xcode.app/Contents/Developer/Platforms/iPhoneSimulator.platform/Developer/SDKs/iPhoneSimulator6.1.sdk/ -o conftest -g -O2 -fvisibility=hidden   conftest.c -lm   >&5
conftest.c:30: warning: conflicting types for built-in function 'sin'
configure:21354: $? = 0
configure:21372: result: yes
configure:21389: checking for getopt_long
configure:21445: /Applications/Xcode.app/Contents/Developer/usr/llvm-gcc-4.2/bin/llvm-gcc-4.2 -std=c99 -arch i386 -isysroot /Applications/Xcode.app/Contents/Developer/Platforms/iPhoneSimulator.platform/Developer/SDKs/iPhoneSimulator6.1.sdk/ -o conftest -g -O2 -fvisibility=hidden   conftest.c -lm  >&5
configure:21451: $? = 0
configure:21469: result: yes
configure:21565: checking for main in -lwinmm
configure:21594: /Applications/Xcode.app/Contents/Developer/usr/llvm-gcc-4.2/bin/llvm-gcc-4.2 -std=c99 -arch i386 -isysroot /Applications/Xcode.app/Contents/Developer/Platforms/iPhoneSimulator.platform/Developer/SDKs/iPhoneSimulator6.1.sdk/ -o conftest -g -O2 -fvisibility=hidden   conftest.c -lwinmm  -lm  >&5
ld: library not found for -lwinmm
collect2: ld returned 1 exit status
configure:21600: $? = 1
configure: failed program was:
| /* confdefs.h.  */
| #define PACKAGE_NAME ""
| #define PACKAGE_TARNAME ""
| #define PACKAGE_VERSION ""
| #define PACKAGE_STRING ""
| #define PACKAGE_BUGREPORT ""
| #define STDC_HEADERS 1
| #define HAVE_SYS_TYPES_H 1
| #define HAVE_SYS_STAT_H 1
| #define HAVE_STDLIB_H 1
| #define HAVE_STRING_H 1
| #define HAVE_MEMORY_H 1
| #define HAVE_STRINGS_H 1
| #define HAVE_INTTYPES_H 1
| #define HAVE_STDINT_H 1
| #define HAVE_UNISTD_H 1
| #define HAVE_DLFCN_H 1
| #define VAR_ARRAYS
| #define HAVE_ALLOCA_H 1
| #define HAVE_GETOPT_H 1
| #define EXPORT __attribute__((visibility("default")))
| #define HAVE_LIBM 1
| #define HAVE_GETOPT_LONG 1
| /* end confdefs.h.  */
| 
| 
| int
| main ()
| {
| return main ();
|   ;
|   return 0;
| }
configure:21618: result: no
configure:21819: checking for i386-apple-darwin-pkg-config
configure:21852: result: no
configure:21862: checking for pkg-config
configure:21880: found /usr/local/bin/pkg-config
configure:21892: result: /usr/local/bin/pkg-config
configure:21921: checking pkg-config is at least version 0.9.0
configure:21924: result: yes
configure:22161: checking for short
configure:22191: /Applications/Xcode.app/Contents/Developer/usr/llvm-gcc-4.2/bin/llvm-gcc-4.2 -std=c99 -arch i386 -isysroot /Applications/Xcode.app/Contents/Developer/Platforms/iPhoneSimulator.platform/Developer/SDKs/iPhoneSimulator6.1.sdk/ -c -g -O2 -fvisibility=hidden  conftest.c >&5
configure:22197: $? = 0
configure:22212: result: yes
configure:22219: checking size of short
configure:22250: /Applications/Xcode.app/Contents/Developer/usr/llvm-gcc-4.2/bin/llvm-gcc-4.2 -std=c99 -arch i386 -isysroot /Applications/Xcode.app/Contents/Developer/Platforms/iPhoneSimulator.platform/Developer/SDKs/iPhoneSimulator6.1.sdk/ -c -g -O2 -fvisibility=hidden  conftest.c >&5
configure:22256: $? = 0
configure:22287: /Applications/Xcode.app/Contents/Developer/usr/llvm-gcc-4.2/bin/llvm-gcc-4.2 -std=c99 -arch i386 -isysroot /Applications/Xcode.app/Contents/Developer/Platforms/iPhoneSimulator.platform/Developer/SDKs/iPhoneSimulator6.1.sdk/ -c -g -O2 -fvisibility=hidden  conftest.c >&5
conftest.c: In function 'main':
conftest.c:70: error: size of array 'test_array' is negative
configure:22293: $? = 1
configure: failed program was:
| /* confdefs.h.  */
| #define PACKAGE_NAME ""
| #define PACKAGE_TARNAME ""
| #define PACKAGE_VERSION ""
| #define PACKAGE_STRING ""
| #define PACKAGE_BUGREPORT ""
| #define STDC_HEADERS 1
| #define HAVE_SYS_TYPES_H 1
| #define HAVE_SYS_STAT_H 1
| #define HAVE_STDLIB_H 1
| #define HAVE_STRING_H 1
| #define HAVE_MEMORY_H 1
| #define HAVE_STRINGS_H 1
| #define HAVE_INTTYPES_H 1
| #define HAVE_STDINT_H 1
| #define HAVE_UNISTD_H 1
| #define HAVE_DLFCN_H 1
| #define VAR_ARRAYS
| #define HAVE_ALLOCA_H 1
| #define HAVE_GETOPT_H 1
| #define EXPORT __attribute__((visibility("default")))
| #define HAVE_LIBM 1
| #define HAVE_GETOPT_LONG 1
| #define SPEEX_VERSION "1.2rc1"
| #define SPEEX_MAJOR_VERSION 1
| #define SPEEX_MINOR_VERSION 1
| #define SPEEX_MICRO_VERSION 16
| #define SPEEX_EXTRA_VERSION ""
| #define FLOATING_POINT
| #define _USE_SSE
| #define USE_SMALLFT
| /* end confdefs.h.  */
| #include <stdio.h>
| #ifdef HAVE_SYS_TYPES_H
| # include <sys/types.h>
| #endif
| #ifdef HAVE_SYS_STAT_H
| # include <sys/stat.h>
| #endif
| #ifdef STDC_HEADERS
| # include <stdlib.h>
| # include <stddef.h>
| #else
| # ifdef HAVE_STDLIB_H
| #  include <stdlib.h>
| # endif
| #endif
| #ifdef HAVE_STRING_H
| # if !defined STDC_HEADERS && defined HAVE_MEMORY_H
| #  include <memory.h>
| # endif
| # include <string.h>
| #endif
| #ifdef HAVE_STRINGS_H
| # include <strings.h>
| #endif
| #ifdef HAVE_INTTYPES_H
| # include <inttypes.h>
| #endif
| #ifdef HAVE_STDINT_H
| # include <stdint.h>
| #endif
| #ifdef HAVE_UNISTD_H
| # include <unistd.h>
| #endif
|    typedef short ac__type_sizeof_;
| int
| main ()
| {
| static int test_array [1 - 2 * !(((long int) (sizeof (ac__type_sizeof_))) <= 0)];
| test_array [0] = 0
| 
|   ;
|   return 0;
| }
configure:22287: /Applications/Xcode.app/Contents/Developer/usr/llvm-gcc-4.2/bin/llvm-gcc-4.2 -std=c99 -arch i386 -isysroot /Applications/Xcode.app/Contents/Developer/Platforms/iPhoneSimulator.platform/Developer/SDKs/iPhoneSimulator6.1.sdk/ -c -g -O2 -fvisibility=hidden  conftest.c >&5
conftest.c: In function 'main':
conftest.c:70: error: size of array 'test_array' is negative
configure:22293: $? = 1
configure: failed program was:
| /* confdefs.h.  */
| #define PACKAGE_NAME ""
| #define PACKAGE_TARNAME ""
| #define PACKAGE_VERSION ""
| #define PACKAGE_STRING ""
| #define PACKAGE_BUGREPORT ""
| #define STDC_HEADERS 1
| #define HAVE_SYS_TYPES_H 1
| #define HAVE_SYS_STAT_H 1
| #define HAVE_STDLIB_H 1
| #define HAVE_STRING_H 1
| #define HAVE_MEMORY_H 1
| #define HAVE_STRINGS_H 1
| #define HAVE_INTTYPES_H 1
| #define HAVE_STDINT_H 1
| #define HAVE_UNISTD_H 1
| #define HAVE_DLFCN_H 1
| #define VAR_ARRAYS
| #define HAVE_ALLOCA_H 1
| #define HAVE_GETOPT_H 1
| #define EXPORT __attribute__((visibility("default")))
| #define HAVE_LIBM 1
| #define HAVE_GETOPT_LONG 1
| #define SPEEX_VERSION "1.2rc1"
| #define SPEEX_MAJOR_VERSION 1
| #define SPEEX_MINOR_VERSION 1
| #define SPEEX_MICRO_VERSION 16
| #define SPEEX_EXTRA_VERSION ""
| #define FLOATING_POINT
| #define _USE_SSE
| #define USE_SMALLFT
| /* end confdefs.h.  */
| #include <stdio.h>
| #ifdef HAVE_SYS_TYPES_H
| # include <sys/types.h>
| #endif
| #ifdef HAVE_SYS_STAT_H
| # include <sys/stat.h>
| #endif
| #ifdef STDC_HEADERS
| # include <stdlib.h>
| # include <stddef.h>
| #else
| # ifdef HAVE_STDLIB_H
| #  include <stdlib.h>
| # endif
| #endif
| #ifdef HAVE_STRING_H
| # if !defined STDC_HEADERS && defined HAVE_MEMORY_H
| #  include <memory.h>
| # endif
| # include <string.h>
| #endif
| #ifdef HAVE_STRINGS_H
| # include <strings.h>
| #endif
| #ifdef HAVE_INTTYPES_H
| # include <inttypes.h>
| #endif
| #ifdef HAVE_STDINT_H
| # include <stdint.h>
| #endif
| #ifdef HAVE_UNISTD_H
| # include <unistd.h>
| #endif
|    typedef short ac__type_sizeof_;
| int
| main ()
| {
| static int test_array [1 - 2 * !(((long int) (sizeof (ac__type_sizeof_))) <= 1)];
| test_array [0] = 0
| 
|   ;
|   return 0;
| }
configure:22287: /Applications/Xcode.app/Contents/Developer/usr/llvm-gcc-4.2/bin/llvm-gcc-4.2 -std=c99 -arch i386 -isysroot /Applications/Xcode.app/Contents/Developer/Platforms/iPhoneSimulator.platform/Developer/SDKs/iPhoneSimulator6.1.sdk/ -c -g -O2 -fvisibility=hidden  conftest.c >&5
configure:22293: $? = 0
configure:22442: /Applications/Xcode.app/Contents/Developer/usr/llvm-gcc-4.2/bin/llvm-gcc-4.2 -std=c99 -arch i386 -isysroot /Applications/Xcode.app/Contents/Developer/Platforms/iPhoneSimulator.platform/Developer/SDKs/iPhoneSimulator6.1.sdk/ -c -g -O2 -fvisibility=hidden  conftest.c >&5
configure:22448: $? = 0
configure:22556: result: 2
configure:22566: checking for int
configure:22596: /Applications/Xcode.app/Contents/Developer/usr/llvm-gcc-4.2/bin/llvm-gcc-4.2 -std=c99 -arch i386 -isysroot /Applications/Xcode.app/Contents/Developer/Platforms/iPhoneSimulator.platform/Developer/SDKs/iPhoneSimulator6.1.sdk/ -c -g -O2 -fvisibility=hidden  conftest.c >&5
configure:22602: $? = 0
configure:22617: result: yes
configure:22624: checking size of int
configure:22655: /Applications/Xcode.app/Contents/Developer/usr/llvm-gcc-4.2/bin/llvm-gcc-4.2 -std=c99 -arch i386 -isysroot /Applications/Xcode.app/Contents/Developer/Platforms/iPhoneSimulator.platform/Developer/SDKs/iPhoneSimulator6.1.sdk/ -c -g -O2 -fvisibility=hidden  conftest.c >&5
configure:22661: $? = 0
configure:22692: /Applications/Xcode.app/Contents/Developer/usr/llvm-gcc-4.2/bin/llvm-gcc-4.2 -std=c99 -arch i386 -isysroot /Applications/Xcode.app/Contents/Developer/Platforms/iPhoneSimulator.platform/Developer/SDKs/iPhoneSimulator6.1.sdk/ -c -g -O2 -fvisibility=hidden  conftest.c >&5
conftest.c: In function 'main':
conftest.c:71: error: size of array 'test_array' is negative
configure:22698: $? = 1
configure: failed program was:
| /* confdefs.h.  */
| #define PACKAGE_NAME ""
| #define PACKAGE_TARNAME ""
| #define PACKAGE_VERSION ""
| #define PACKAGE_STRING ""
| #define PACKAGE_BUGREPORT ""
| #define STDC_HEADERS 1
| #define HAVE_SYS_TYPES_H 1
| #define HAVE_SYS_STAT_H 1
| #define HAVE_STDLIB_H 1
| #define HAVE_STRING_H 1
| #define HAVE_MEMORY_H 1
| #define HAVE_STRINGS_H 1
| #define HAVE_INTTYPES_H 1
| #define HAVE_STDINT_H 1
| #define HAVE_UNISTD_H 1
| #define HAVE_DLFCN_H 1
| #define VAR_ARRAYS
| #define HAVE_ALLOCA_H 1
| #define HAVE_GETOPT_H 1
| #define EXPORT __attribute__((visibility("default")))
| #define HAVE_LIBM 1
| #define HAVE_GETOPT_LONG 1
| #define SPEEX_VERSION "1.2rc1"
| #define SPEEX_MAJOR_VERSION 1
| #define SPEEX_MINOR_VERSION 1
| #define SPEEX_MICRO_VERSION 16
| #define SPEEX_EXTRA_VERSION ""
| #define FLOATING_POINT
| #define _USE_SSE
| #define USE_SMALLFT
| #define SIZEOF_SHORT 2
| /* end confdefs.h.  */
| #include <stdio.h>
| #ifdef HAVE_SYS_TYPES_H
| # include <sys/types.h>
| #endif
| #ifdef HAVE_SYS_STAT_H
| # include <sys/stat.h>
| #endif
| #ifdef STDC_HEADERS
| # include <stdlib.h>
| # include <stddef.h>
| #else
| # ifdef HAVE_STDLIB_H
| #  include <stdlib.h>
| # endif
| #endif
| #ifdef HAVE_STRING_H
| # if !defined STDC_HEADERS && defined HAVE_MEMORY_H
| #  include <memory.h>
| # endif
| # include <string.h>
| #endif
| #ifdef HAVE_STRINGS_H
| # include <strings.h>
| #endif
| #ifdef HAVE_INTTYPES_H
| # include <inttypes.h>
| #endif
| #ifdef HAVE_STDINT_H
| # include <stdint.h>
| #endif
| #ifdef HAVE_UNISTD_H
| # include <unistd.h>
| #endif
|    typedef int ac__type_sizeof_;
| int
| main ()
| {
| static int test_array [1 - 2 * !(((long int) (sizeof (ac__type_sizeof_))) <= 0)];
| test_array [0] = 0
| 
|   ;
|   return 0;
| }
configure:22692: /Applications/Xcode.app/Contents/Developer/usr/llvm-gcc-4.2/bin/llvm-gcc-4.2 -std=c99 -arch i386 -isysroot /Applications/Xcode.app/Contents/Developer/Platforms/iPhoneSimulator.platform/Developer/SDKs/iPhoneSimulator6.1.sdk/ -c -g -O2 -fvisibility=hidden  conftest.c >&5
conftest.c: In function 'main':
conftest.c:71: error: size of array 'test_array' is negative
configure:22698: $? = 1
configure: failed program was:
| /* confdefs.h.  */
| #define PACKAGE_NAME ""
| #define PACKAGE_TARNAME ""
| #define PACKAGE_VERSION ""
| #define PACKAGE_STRING ""
| #define PACKAGE_BUGREPORT ""
| #define STDC_HEADERS 1
| #define HAVE_SYS_TYPES_H 1
| #define HAVE_SYS_STAT_H 1
| #define HAVE_STDLIB_H 1
| #define HAVE_STRING_H 1
| #define HAVE_MEMORY_H 1
| #define HAVE_STRINGS_H 1
| #define HAVE_INTTYPES_H 1
| #define HAVE_STDINT_H 1
| #define HAVE_UNISTD_H 1
| #define HAVE_DLFCN_H 1
| #define VAR_ARRAYS
| #define HAVE_ALLOCA_H 1
| #define HAVE_GETOPT_H 1
| #define EXPORT __attribute__((visibility("default")))
| #define HAVE_LIBM 1
| #define HAVE_GETOPT_LONG 1
| #define SPEEX_VERSION "1.2rc1"
| #define SPEEX_MAJOR_VERSION 1
| #define SPEEX_MINOR_VERSION 1
| #define SPEEX_MICRO_VERSION 16
| #define SPEEX_EXTRA_VERSION ""
| #define FLOATING_POINT
| #define _USE_SSE
| #define USE_SMALLFT
| #define SIZEOF_SHORT 2
| /* end confdefs.h.  */
| #include <stdio.h>
| #ifdef HAVE_SYS_TYPES_H
| # include <sys/types.h>
| #endif
| #ifdef HAVE_SYS_STAT_H
| # include <sys/stat.h>
| #endif
| #ifdef STDC_HEADERS
| # include <stdlib.h>
| # include <stddef.h>
| #else
| # ifdef HAVE_STDLIB_H
| #  include <stdlib.h>
| # endif
| #endif
| #ifdef HAVE_STRING_H
| # if !defined STDC_HEADERS && defined HAVE_MEMORY_H
| #  include <memory.h>
| # endif
| # include <string.h>
| #endif
| #ifdef HAVE_STRINGS_H
| # include <strings.h>
| #endif
| #ifdef HAVE_INTTYPES_H
| # include <inttypes.h>
| #endif
| #ifdef HAVE_STDINT_H
| # include <stdint.h>
| #endif
| #ifdef HAVE_UNISTD_H
| # include <unistd.h>
| #endif
|    typedef int ac__type_sizeof_;
| int
| main ()
| {
| static int test_array [1 - 2 * !(((long int) (sizeof (ac__type_sizeof_))) <= 1)];
| test_array [0] = 0
| 
|   ;
|   return 0;
| }
configure:22692: /Applications/Xcode.app/Contents/Developer/usr/llvm-gcc-4.2/bin/llvm-gcc-4.2 -std=c99 -arch i386 -isysroot /Applications/Xcode.app/Contents/Developer/Platforms/iPhoneSimulator.platform/Developer/SDKs/iPhoneSimulator6.1.sdk/ -c -g -O2 -fvisibility=hidden  conftest.c >&5
conftest.c: In function 'main':
conftest.c:71: error: size of array 'test_array' is negative
configure:22698: $? = 1
configure: failed program was:
| /* confdefs.h.  */
| #define PACKAGE_NAME ""
| #define PACKAGE_TARNAME ""
| #define PACKAGE_VERSION ""
| #define PACKAGE_STRING ""
| #define PACKAGE_BUGREPORT ""
| #define STDC_HEADERS 1
| #define HAVE_SYS_TYPES_H 1
| #define HAVE_SYS_STAT_H 1
| #define HAVE_STDLIB_H 1
| #define HAVE_STRING_H 1
| #define HAVE_MEMORY_H 1
| #define HAVE_STRINGS_H 1
| #define HAVE_INTTYPES_H 1
| #define HAVE_STDINT_H 1
| #define HAVE_UNISTD_H 1
| #define HAVE_DLFCN_H 1
| #define VAR_ARRAYS
| #define HAVE_ALLOCA_H 1
| #define HAVE_GETOPT_H 1
| #define EXPORT __attribute__((visibility("default")))
| #define HAVE_LIBM 1
| #define HAVE_GETOPT_LONG 1
| #define SPEEX_VERSION "1.2rc1"
| #define SPEEX_MAJOR_VERSION 1
| #define SPEEX_MINOR_VERSION 1
| #define SPEEX_MICRO_VERSION 16
| #define SPEEX_EXTRA_VERSION ""
| #define FLOATING_POINT
| #define _USE_SSE
| #define USE_SMALLFT
| #define SIZEOF_SHORT 2
| /* end confdefs.h.  */
| #include <stdio.h>
| #ifdef HAVE_SYS_TYPES_H
| # include <sys/types.h>
| #endif
| #ifdef HAVE_SYS_STAT_H
| # include <sys/stat.h>
| #endif
| #ifdef STDC_HEADERS
| # include <stdlib.h>
| # include <stddef.h>
| #else
| # ifdef HAVE_STDLIB_H
| #  include <stdlib.h>
| # endif
| #endif
| #ifdef HAVE_STRING_H
| # if !defined STDC_HEADERS && defined HAVE_MEMORY_H
| #  include <memory.h>
| # endif
| # include <string.h>
| #endif
| #ifdef HAVE_STRINGS_H
| # include <strings.h>
| #endif
| #ifdef HAVE_INTTYPES_H
| # include <inttypes.h>
| #endif
| #ifdef HAVE_STDINT_H
| # include <stdint.h>
| #endif
| #ifdef HAVE_UNISTD_H
| # include <unistd.h>
| #endif
|    typedef int ac__type_sizeof_;
| int
| main ()
| {
| static int test_array [1 - 2 * !(((long int) (sizeof (ac__type_sizeof_))) <= 3)];
| test_array [0] = 0
| 
|   ;
|   return 0;
| }
configure:22692: /Applications/Xcode.app/Contents/Developer/usr/llvm-gcc-4.2/bin/llvm-gcc-4.2 -std=c99 -arch i386 -isysroot /Applications/Xcode.app/Contents/Developer/Platforms/iPhoneSimulator.platform/Developer/SDKs/iPhoneSimulator6.1.sdk/ -c -g -O2 -fvisibility=hidden  conftest.c >&5
configure:22698: $? = 0
configure:22847: /Applications/Xcode.app/Contents/Developer/usr/llvm-gcc-4.2/bin/llvm-gcc-4.2 -std=c99 -arch i386 -isysroot /Applications/Xcode.app/Contents/Developer/Platforms/iPhoneSimulator.platform/Developer/SDKs/iPhoneSimulator6.1.sdk/ -c -g -O2 -fvisibility=hidden  conftest.c >&5
configure:22853: $? = 0
configure:22847: /Applications/Xcode.app/Contents/Developer/usr/llvm-gcc-4.2/bin/llvm-gcc-4.2 -std=c99 -arch i386 -isysroot /Applications/Xcode.app/Contents/Developer/Platforms/iPhoneSimulator.platform/Developer/SDKs/iPhoneSimulator6.1.sdk/ -c -g -O2 -fvisibility=hidden  conftest.c >&5
configure:22853: $? = 0
configure:22961: result: 4
configure:22971: checking for long
configure:23001: /Applications/Xcode.app/Contents/Developer/usr/llvm-gcc-4.2/bin/llvm-gcc-4.2 -std=c99 -arch i386 -isysroot /Applications/Xcode.app/Contents/Developer/Platforms/iPhoneSimulator.platform/Developer/SDKs/iPhoneSimulator6.1.sdk/ -c -g -O2 -fvisibility=hidden  conftest.c >&5
configure:23007: $? = 0
configure:23022: result: yes
configure:23029: checking size of long
configure:23060: /Applications/Xcode.app/Contents/Developer/usr/llvm-gcc-4.2/bin/llvm-gcc-4.2 -std=c99 -arch i386 -isysroot /Applications/Xcode.app/Contents/Developer/Platforms/iPhoneSimulator.platform/Developer/SDKs/iPhoneSimulator6.1.sdk/ -c -g -O2 -fvisibility=hidden  conftest.c >&5
configure:23066: $? = 0
configure:23097: /Applications/Xcode.app/Contents/Developer/usr/llvm-gcc-4.2/bin/llvm-gcc-4.2 -std=c99 -arch i386 -isysroot /Applications/Xcode.app/Contents/Developer/Platforms/iPhoneSimulator.platform/Developer/SDKs/iPhoneSimulator6.1.sdk/ -c -g -O2 -fvisibility=hidden  conftest.c >&5
conftest.c: In function 'main':
conftest.c:72: error: size of array 'test_array' is negative
configure:23103: $? = 1
configure: failed program was:
| /* confdefs.h.  */
| #define PACKAGE_NAME ""
| #define PACKAGE_TARNAME ""
| #define PACKAGE_VERSION ""
| #define PACKAGE_STRING ""
| #define PACKAGE_BUGREPORT ""
| #define STDC_HEADERS 1
| #define HAVE_SYS_TYPES_H 1
| #define HAVE_SYS_STAT_H 1
| #define HAVE_STDLIB_H 1
| #define HAVE_STRING_H 1
| #define HAVE_MEMORY_H 1
| #define HAVE_STRINGS_H 1
| #define HAVE_INTTYPES_H 1
| #define HAVE_STDINT_H 1
| #define HAVE_UNISTD_H 1
| #define HAVE_DLFCN_H 1
| #define VAR_ARRAYS
| #define HAVE_ALLOCA_H 1
| #define HAVE_GETOPT_H 1
| #define EXPORT __attribute__((visibility("default")))
| #define HAVE_LIBM 1
| #define HAVE_GETOPT_LONG 1
| #define SPEEX_VERSION "1.2rc1"
| #define SPEEX_MAJOR_VERSION 1
| #define SPEEX_MINOR_VERSION 1
| #define SPEEX_MICRO_VERSION 16
| #define SPEEX_EXTRA_VERSION ""
| #define FLOATING_POINT
| #define _USE_SSE
| #define USE_SMALLFT
| #define SIZEOF_SHORT 2
| #define SIZEOF_INT 4
| /* end confdefs.h.  */
| #include <stdio.h>
| #ifdef HAVE_SYS_TYPES_H
| # include <sys/types.h>
| #endif
| #ifdef HAVE_SYS_STAT_H
| # include <sys/stat.h>
| #endif
| #ifdef STDC_HEADERS
| # include <stdlib.h>
| # include <stddef.h>
| #else
| # ifdef HAVE_STDLIB_H
| #  include <stdlib.h>
| # endif
| #endif
| #ifdef HAVE_STRING_H
| # if !defined STDC_HEADERS && defined HAVE_MEMORY_H
| #  include <memory.h>
| # endif
| # include <string.h>
| #endif
| #ifdef HAVE_STRINGS_H
| # include <strings.h>
| #endif
| #ifdef HAVE_INTTYPES_H
| # include <inttypes.h>
| #endif
| #ifdef HAVE_STDINT_H
| # include <stdint.h>
| #endif
| #ifdef HAVE_UNISTD_H
| # include <unistd.h>
| #endif
|    typedef long ac__type_sizeof_;
| int
| main ()
| {
| static int test_array [1 - 2 * !(((long int) (sizeof (ac__type_sizeof_))) <= 0)];
| test_array [0] = 0
| 
|   ;
|   return 0;
| }
configure:23097: /Applications/Xcode.app/Contents/Developer/usr/llvm-gcc-4.2/bin/llvm-gcc-4.2 -std=c99 -arch i386 -isysroot /Applications/Xcode.app/Contents/Developer/Platforms/iPhoneSimulator.platform/Developer/SDKs/iPhoneSimulator6.1.sdk/ -c -g -O2 -fvisibility=hidden  conftest.c >&5
conftest.c: In function 'main':
conftest.c:72: error: size of array 'test_array' is negative
configure:23103: $? = 1
configure: failed program was:
| /* confdefs.h.  */
| #define PACKAGE_NAME ""
| #define PACKAGE_TARNAME ""
| #define PACKAGE_VERSION ""
| #define PACKAGE_STRING ""
| #define PACKAGE_BUGREPORT ""
| #define STDC_HEADERS 1
| #define HAVE_SYS_TYPES_H 1
| #define HAVE_SYS_STAT_H 1
| #define HAVE_STDLIB_H 1
| #define HAVE_STRING_H 1
| #define HAVE_MEMORY_H 1
| #define HAVE_STRINGS_H 1
| #define HAVE_INTTYPES_H 1
| #define HAVE_STDINT_H 1
| #define HAVE_UNISTD_H 1
| #define HAVE_DLFCN_H 1
| #define VAR_ARRAYS
| #define HAVE_ALLOCA_H 1
| #define HAVE_GETOPT_H 1
| #define EXPORT __attribute__((visibility("default")))
| #define HAVE_LIBM 1
| #define HAVE_GETOPT_LONG 1
| #define SPEEX_VERSION "1.2rc1"
| #define SPEEX_MAJOR_VERSION 1
| #define SPEEX_MINOR_VERSION 1
| #define SPEEX_MICRO_VERSION 16
| #define SPEEX_EXTRA_VERSION ""
| #define FLOATING_POINT
| #define _USE_SSE
| #define USE_SMALLFT
| #define SIZEOF_SHORT 2
| #define SIZEOF_INT 4
| /* end confdefs.h.  */
| #include <stdio.h>
| #ifdef HAVE_SYS_TYPES_H
| # include <sys/types.h>
| #endif
| #ifdef HAVE_SYS_STAT_H
| # include <sys/stat.h>
| #endif
| #ifdef STDC_HEADERS
| # include <stdlib.h>
| # include <stddef.h>
| #else
| # ifdef HAVE_STDLIB_H
| #  include <stdlib.h>
| # endif
| #endif
| #ifdef HAVE_STRING_H
| # if !defined STDC_HEADERS && defined HAVE_MEMORY_H
| #  include <memory.h>
| # endif
| # include <string.h>
| #endif
| #ifdef HAVE_STRINGS_H
| # include <strings.h>
| #endif
| #ifdef HAVE_INTTYPES_H
| # include <inttypes.h>
| #endif
| #ifdef HAVE_STDINT_H
| # include <stdint.h>
| #endif
| #ifdef HAVE_UNISTD_H
| # include <unistd.h>
| #endif
|    typedef long ac__type_sizeof_;
| int
| main ()
| {
| static int test_array [1 - 2 * !(((long int) (sizeof (ac__type_sizeof_))) <= 1)];
| test_array [0] = 0
| 
|   ;
|   return 0;
| }
configure:23097: /Applications/Xcode.app/Contents/Developer/usr/llvm-gcc-4.2/bin/llvm-gcc-4.2 -std=c99 -arch i386 -isysroot /Applications/Xcode.app/Contents/Developer/Platforms/iPhoneSimulator.platform/Developer/SDKs/iPhoneSimulator6.1.sdk/ -c -g -O2 -fvisibility=hidden  conftest.c >&5
conftest.c: In function 'main':
conftest.c:72: error: size of array 'test_array' is negative
configure:23103: $? = 1
configure: failed program was:
| /* confdefs.h.  */
| #define PACKAGE_NAME ""
| #define PACKAGE_TARNAME ""
| #define PACKAGE_VERSION ""
| #define PACKAGE_STRING ""
| #define PACKAGE_BUGREPORT ""
| #define STDC_HEADERS 1
| #define HAVE_SYS_TYPES_H 1
| #define HAVE_SYS_STAT_H 1
| #define HAVE_STDLIB_H 1
| #define HAVE_STRING_H 1
| #define HAVE_MEMORY_H 1
| #define HAVE_STRINGS_H 1
| #define HAVE_INTTYPES_H 1
| #define HAVE_STDINT_H 1
| #define HAVE_UNISTD_H 1
| #define HAVE_DLFCN_H 1
| #define VAR_ARRAYS
| #define HAVE_ALLOCA_H 1
| #define HAVE_GETOPT_H 1
| #define EXPORT __attribute__((visibility("default")))
| #define HAVE_LIBM 1
| #define HAVE_GETOPT_LONG 1
| #define SPEEX_VERSION "1.2rc1"
| #define SPEEX_MAJOR_VERSION 1
| #define SPEEX_MINOR_VERSION 1
| #define SPEEX_MICRO_VERSION 16
| #define SPEEX_EXTRA_VERSION ""
| #define FLOATING_POINT
| #define _USE_SSE
| #define USE_SMALLFT
| #define SIZEOF_SHORT 2
| #define SIZEOF_INT 4
| /* end confdefs.h.  */
| #include <stdio.h>
| #ifdef HAVE_SYS_TYPES_H
| # include <sys/types.h>
| #endif
| #ifdef HAVE_SYS_STAT_H
| # include <sys/stat.h>
| #endif
| #ifdef STDC_HEADERS
| # include <stdlib.h>
| # include <stddef.h>
| #else
| # ifdef HAVE_STDLIB_H
| #  include <stdlib.h>
| # endif
| #endif
| #ifdef HAVE_STRING_H
| # if !defined STDC_HEADERS && defined HAVE_MEMORY_H
| #  include <memory.h>
| # endif
| # include <string.h>
| #endif
| #ifdef HAVE_STRINGS_H
| # include <strings.h>
| #endif
| #ifdef HAVE_INTTYPES_H
| # include <inttypes.h>
| #endif
| #ifdef HAVE_STDINT_H
| # include <stdint.h>
| #endif
| #ifdef HAVE_UNISTD_H
| # include <unistd.h>
| #endif
|    typedef long ac__type_sizeof_;
| int
| main ()
| {
| static int test_array [1 - 2 * !(((long int) (sizeof (ac__type_sizeof_))) <= 3)];
| test_array [0] = 0
| 
|   ;
|   return 0;
| }
configure:23097: /Applications/Xcode.app/Contents/Developer/usr/llvm-gcc-4.2/bin/llvm-gcc-4.2 -std=c99 -arch i386 -isysroot /Applications/Xcode.app/Contents/Developer/Platforms/iPhoneSimulator.platform/Developer/SDKs/iPhoneSimulator6.1.sdk/ -c -g -O2 -fvisibility=hidden  conftest.c >&5
configure:23103: $? = 0
configure:23252: /Applications/Xcode.app/Contents/Developer/usr/llvm-gcc-4.2/bin/llvm-gcc-4.2 -std=c99 -arch i386 -isysroot /Applications/Xcode.app/Contents/Developer/Platforms/iPhoneSimulator.platform/Developer/SDKs/iPhoneSimulator6.1.sdk/ -c -g -O2 -fvisibility=hidden  conftest.c >&5
configure:23258: $? = 0
configure:23252: /Applications/Xcode.app/Contents/Developer/usr/llvm-gcc-4.2/bin/llvm-gcc-4.2 -std=c99 -arch i386 -isysroot /Applications/Xcode.app/Contents/Developer/Platforms/iPhoneSimulator.platform/Developer/SDKs/iPhoneSimulator6.1.sdk/ -c -g -O2 -fvisibility=hidden  conftest.c >&5
configure:23258: $? = 0
configure:23366: result: 4
configure:23550: creating ./config.status

## ---------------------- ##
## Running config.status. ##
## ---------------------- ##

This file was extended by config.status, which was
generated by GNU Autoconf 2.61.  Invocation command line was

  CONFIG_FILES    = 
  CONFIG_HEADERS  = 
  CONFIG_LINKS    = 
  CONFIG_COMMANDS = 
  $ ./config.status 

on 1akangs-imac.lan

config.status:719: creating Makefile
config.status:719: creating libspeex/Makefile
config.status:719: creating src/Makefile
config.status:719: creating doc/Makefile
config.status:719: creating Speex.spec
config.status:719: creating include/Makefile

## ---------------------- ##
## Running config.status. ##
## ---------------------- ##

This file was extended by config.status, which was
generated by GNU Autoconf 2.61.  Invocation command line was

  CONFIG_FILES    = 
  CONFIG_HEADERS  = 
  CONFIG_LINKS    = 
  CONFIG_COMMANDS = 
  $ ./config.status config.h

on 1akangs-imac.lan

config.status:719: creating config.h
